<?xml version="1.0" encoding="UTF-8"?>
<!-- Generated by org.testng.reporters.JUnitReportReporter -->
<testsuite hostname="DESKTOP-LDVN3B6" failures="0" tests="1" name="cucumber.TestNgTestRunner" time="20.261" errors="0" timestamp="2024-06-04T16:55:54 IST" skipped="0">
  <testcase classname="cucumber.TestNgTestRunner" name="runScenario" time="20.261"/>
</testsuite> <!-- cucumber.TestNgTestRunner -->
